C:/Conestoga/Semester 2/CSCN73060 Project VI/Project 1/Project-6---Group-4---CSCN73060-SEC-1/Migrations/ApplicationDbContextModelSnapshot.cs:13: warning: Compound Project_6___Group_4___CSCN73060_SEC_1::Migrations::ApplicationDbContextModelSnapshot is not documented.
C:/Conestoga/Semester 2/CSCN73060 Project VI/Project 1/Project-6---Group-4---CSCN73060-SEC-1/Models/ErrorViewModel.cs:3: warning: Compound Project_6___Group_4___CSCN73060_SEC_1::Models::ErrorViewModel is not documented.
C:/Conestoga/Semester 2/CSCN73060 Project VI/Project 1/Project-6---Group-4---CSCN73060-SEC-1/Project-6---Group-4---CSCN73060-SEC-1.Tests/ApiRoutesUnitTests.cs:9: warning: Compound Project_6___Group_4___CSCN73060_SEC_1::Tests::ApiRoutesUnitTests is not documented.
C:/Conestoga/Semester 2/CSCN73060 Project VI/Project 1/Project-6---Group-4---CSCN73060-SEC-1/Program.cs:74: warning: Member scope (typedef) of file Program.cs is not documented.
C:/Conestoga/Semester 2/CSCN73060 Project VI/Project 1/Project-6---Group-4---CSCN73060-SEC-1/Program.cs:27: warning: Member AddControllersWithViews() (function) of file Program.cs is not documented.
C:/Conestoga/Semester 2/CSCN73060 Project VI/Project 1/Project-6---Group-4---CSCN73060-SEC-1/Program.cs:30: warning: Member AddControllers() .AddJsonOptions(options (function) of file Program.cs is not documented.
C:/Conestoga/Semester 2/CSCN73060 Project VI/Project 1/Project-6---Group-4---CSCN73060-SEC-1/Program.cs:39: warning: Member if(useInMemory) (function) of file Program.cs is not documented.
C:/Conestoga/Semester 2/CSCN73060 Project VI/Project 1/Project-6---Group-4---CSCN73060-SEC-1/Program.cs:48: warning: Member AddDbContext< ApplicationDbContext >(options=> options.UseMySql(connectionString, ServerVersion.AutoDetect(connectionString))) (function) of file Program.cs is not documented.
C:/Conestoga/Semester 2/CSCN73060 Project VI/Project 1/Project-6---Group-4---CSCN73060-SEC-1/Program.cs:50: warning: Member AddScoped< DbSeeder >() (function) of file Program.cs is not documented.
C:/Conestoga/Semester 2/CSCN73060 Project VI/Project 1/Project-6---Group-4---CSCN73060-SEC-1/Program.cs:54: warning: Member AddScoped< IPartService, PartService >() (function) of file Program.cs is not documented.
C:/Conestoga/Semester 2/CSCN73060 Project VI/Project 1/Project-6---Group-4---CSCN73060-SEC-1/Program.cs:57: warning: Member AddCors(options=> { options.AddPolicy("AllowAll", policy=> { policy.AllowAnyOrigin() .AllowAnyMethod() .AllowAnyHeader();});}) (function) of file Program.cs is not documented.
C:/Conestoga/Semester 2/CSCN73060 Project VI/Project 1/Project-6---Group-4---CSCN73060-SEC-1/Program.cs:68: warning: Member AddEndpointsApiExplorer() (function) of file Program.cs is not documented.
C:/Conestoga/Semester 2/CSCN73060 Project VI/Project 1/Project-6---Group-4---CSCN73060-SEC-1/Program.cs:69: warning: Member AddSwaggerGen() (function) of file Program.cs is not documented.
C:/Conestoga/Semester 2/CSCN73060 Project VI/Project 1/Project-6---Group-4---CSCN73060-SEC-1/Program.cs:117: warning: Member UseSwaggerUI(options=> { options.SwaggerEndpoint("/swagger/v1/swagger.json", "PC Part Picker API v1");options.RoutePrefix="swagger";}) (function) of file Program.cs is not documented.
C:/Conestoga/Semester 2/CSCN73060 Project VI/Project 1/Project-6---Group-4---CSCN73060-SEC-1/Program.cs:123: warning: Member UseHttpsRedirection() (function) of file Program.cs is not documented.
C:/Conestoga/Semester 2/CSCN73060 Project VI/Project 1/Project-6---Group-4---CSCN73060-SEC-1/Program.cs:124: warning: Member UseStaticFiles() (function) of file Program.cs is not documented.
C:/Conestoga/Semester 2/CSCN73060 Project VI/Project 1/Project-6---Group-4---CSCN73060-SEC-1/Program.cs:129: warning: Member if(Directory.Exists(clientRoot)) (function) of file Program.cs is not documented.
C:/Conestoga/Semester 2/CSCN73060 Project VI/Project 1/Project-6---Group-4---CSCN73060-SEC-1/Program.cs:162: warning: Member UseRouting() (function) of file Program.cs is not documented.
C:/Conestoga/Semester 2/CSCN73060 Project VI/Project 1/Project-6---Group-4---CSCN73060-SEC-1/Program.cs:165: warning: Member UseCors("AllowAll") (function) of file Program.cs is not documented.
C:/Conestoga/Semester 2/CSCN73060 Project VI/Project 1/Project-6---Group-4---CSCN73060-SEC-1/Program.cs:167: warning: Member UseAuthorization() (function) of file Program.cs is not documented.
C:/Conestoga/Semester 2/CSCN73060 Project VI/Project 1/Project-6---Group-4---CSCN73060-SEC-1/Program.cs:170: warning: Member MapMethods("/options", new[] { "OPTIONS" },(IEnumerable< EndpointDataSource > endpointSources)=> { var routes=endpointSources .SelectMany(es=> es.Endpoints) .OfType< RouteEndpoint >() .Select(e=> { var methods=e.Metadata.OfType< HttpMethodMetadata >().FirstOrDefault()?.HttpMethods ??[];var path="/"+(e.RoutePattern.RawText?.TrimStart('/') ?? "");return new { path, methods=methods.ToList() };}) .Where(r=> !string.IsNullOrEmpty(r.path)) .OrderBy(r=> r.path) .ToList();return Results.Json(new { routes });}) (function) of file Program.cs is not documented.
C:/Conestoga/Semester 2/CSCN73060 Project VI/Project 1/Project-6---Group-4---CSCN73060-SEC-1/Program.cs:188: warning: Member MapControllers() (function) of file Program.cs is not documented.
C:/Conestoga/Semester 2/CSCN73060 Project VI/Project 1/Project-6---Group-4---CSCN73060-SEC-1/Program.cs:191: warning: Member MapControllerRoute(name:"default", pattern:"{controller=Home}/{action=Index}/{id?}") (function) of file Program.cs is not documented.
C:/Conestoga/Semester 2/CSCN73060 Project VI/Project 1/Project-6---Group-4---CSCN73060-SEC-1/Program.cs:195: warning: Member Run() (function) of file Program.cs is not documented.
C:/Conestoga/Semester 2/CSCN73060 Project VI/Project 1/Project-6---Group-4---CSCN73060-SEC-1/Program.cs:24: warning: Member builder (variable) of file Program.cs is not documented.
C:/Conestoga/Semester 2/CSCN73060 Project VI/Project 1/Project-6---Group-4---CSCN73060-SEC-1/Program.cs:34: warning: Member WriteIndented (variable) of file Program.cs is not documented.
C:/Conestoga/Semester 2/CSCN73060 Project VI/Project 1/Project-6---Group-4---CSCN73060-SEC-1/Program.cs:38: warning: Member useInMemory (variable) of file Program.cs is not documented.
C:/Conestoga/Semester 2/CSCN73060 Project VI/Project 1/Project-6---Group-4---CSCN73060-SEC-1/Program.cs:45: warning: Member else (variable) of file Program.cs is not documented.
C:/Conestoga/Semester 2/CSCN73060 Project VI/Project 1/Project-6---Group-4---CSCN73060-SEC-1/Program.cs:71: warning: Member app (variable) of file Program.cs is not documented.
C:/Conestoga/Semester 2/CSCN73060 Project VI/Project 1/Project-6---Group-4---CSCN73060-SEC-1/Program.cs:128: warning: Member clientRoot (variable) of file Program.cs is not documented.
C:/Conestoga/Semester 2/CSCN73060 Project VI/Project 1/Project-6---Group-4---CSCN73060-SEC-1/Program.cs:9: warning: Unsupported xml/html tag <DbSeeder> found
error: Problems running epstopdf. Check your TeX installation!
C:/Conestoga/Semester 2/CSCN73060 Project VI/Project 1/Project-6---Group-4---CSCN73060-SEC-1/Controllers/BuildsController.cs:33: warning: Member Index() (function) of class Project_6___Group_4___CSCN73060_SEC_1.Controllers.BuildsController is not documented.
C:/Conestoga/Semester 2/CSCN73060 Project VI/Project 1/Project-6---Group-4---CSCN73060-SEC-1/Controllers/BuildsController.cs:51: warning: Member Details(int? id) (function) of class Project_6___Group_4___CSCN73060_SEC_1.Controllers.BuildsController is not documented.
C:/Conestoga/Semester 2/CSCN73060 Project VI/Project 1/Project-6---Group-4---CSCN73060-SEC-1/Controllers/BuildsController.cs:78: warning: Member Create() (function) of class Project_6___Group_4___CSCN73060_SEC_1.Controllers.BuildsController is not documented.
C:/Conestoga/Semester 2/CSCN73060 Project VI/Project 1/Project-6---Group-4---CSCN73060-SEC-1/Controllers/BuildsController.cs:86: warning: Member Create([Bind("Id,Name,Description,CpuId,GpuId,MotherboardId,MemoryId,StorageId,CaseId,PowerSupplyId,CpuCoolerId")] Build build) (function) of class Project_6___Group_4___CSCN73060_SEC_1.Controllers.BuildsController is not documented.
C:/Conestoga/Semester 2/CSCN73060 Project VI/Project 1/Project-6---Group-4---CSCN73060-SEC-1/Controllers/BuildsController.cs:100: warning: Member Edit(int? id) (function) of class Project_6___Group_4___CSCN73060_SEC_1.Controllers.BuildsController is not documented.
C:/Conestoga/Semester 2/CSCN73060 Project VI/Project 1/Project-6---Group-4---CSCN73060-SEC-1/Controllers/BuildsController.cs:118: warning: Member Edit(int id, [Bind("Id,Name,Description,CpuId,GpuId,MotherboardId,MemoryId,StorageId,CaseId,PowerSupplyId,CpuCoolerId,CreatedAt")] Build build) (function) of class Project_6___Group_4___CSCN73060_SEC_1.Controllers.BuildsController is not documented.
C:/Conestoga/Semester 2/CSCN73060 Project VI/Project 1/Project-6---Group-4---CSCN73060-SEC-1/Controllers/BuildsController.cs:150: warning: Member Delete(int? id) (function) of class Project_6___Group_4___CSCN73060_SEC_1.Controllers.BuildsController is not documented.
C:/Conestoga/Semester 2/CSCN73060 Project VI/Project 1/Project-6---Group-4---CSCN73060-SEC-1/Controllers/BuildsController.cs:179: warning: Member DeleteConfirmed(int id) (function) of class Project_6___Group_4___CSCN73060_SEC_1.Controllers.BuildsController is not documented.
C:/Conestoga/Semester 2/CSCN73060 Project VI/Project 1/Project-6---Group-4---CSCN73060-SEC-1/Data/ApplicationDbContext.cs:17: warning: Member ApplicationDbContext(DbContextOptions< ApplicationDbContext > options) (function) of class Project_6___Group_4___CSCN73060_SEC_1.Data.ApplicationDbContext is not documented.
C:/Conestoga/Semester 2/CSCN73060 Project VI/Project 1/Project-6---Group-4---CSCN73060-SEC-1/Data/ApplicationDbContext.cs:38: warning: Member OnModelCreating(ModelBuilder modelBuilder) (function) of class Project_6___Group_4___CSCN73060_SEC_1.Data.ApplicationDbContext is not documented.
C:/Conestoga/Semester 2/CSCN73060 Project VI/Project 1/Project-6---Group-4---CSCN73060-SEC-1/Data/ApplicationDbContext.cs:23: warning: Member Cpus (property) of class Project_6___Group_4___CSCN73060_SEC_1.Data.ApplicationDbContext is not documented.
C:/Conestoga/Semester 2/CSCN73060 Project VI/Project 1/Project-6---Group-4---CSCN73060-SEC-1/Data/ApplicationDbContext.cs:24: warning: Member Gpus (property) of class Project_6___Group_4___CSCN73060_SEC_1.Data.ApplicationDbContext is not documented.
C:/Conestoga/Semester 2/CSCN73060 Project VI/Project 1/Project-6---Group-4---CSCN73060-SEC-1/Data/ApplicationDbContext.cs:25: warning: Member Memories (property) of class Project_6___Group_4___CSCN73060_SEC_1.Data.ApplicationDbContext is not documented.
C:/Conestoga/Semester 2/CSCN73060 Project VI/Project 1/Project-6---Group-4---CSCN73060-SEC-1/Data/ApplicationDbContext.cs:26: warning: Member Motherboards (property) of class Project_6___Group_4___CSCN73060_SEC_1.Data.ApplicationDbContext is not documented.
C:/Conestoga/Semester 2/CSCN73060 Project VI/Project 1/Project-6---Group-4---CSCN73060-SEC-1/Data/ApplicationDbContext.cs:27: warning: Member Cases (property) of class Project_6___Group_4___CSCN73060_SEC_1.Data.ApplicationDbContext is not documented.
C:/Conestoga/Semester 2/CSCN73060 Project VI/Project 1/Project-6---Group-4---CSCN73060-SEC-1/Data/ApplicationDbContext.cs:28: warning: Member Storages (property) of class Project_6___Group_4___CSCN73060_SEC_1.Data.ApplicationDbContext is not documented.
C:/Conestoga/Semester 2/CSCN73060 Project VI/Project 1/Project-6---Group-4---CSCN73060-SEC-1/Data/ApplicationDbContext.cs:29: warning: Member PowerSupplies (property) of class Project_6___Group_4___CSCN73060_SEC_1.Data.ApplicationDbContext is not documented.
C:/Conestoga/Semester 2/CSCN73060 Project VI/Project 1/Project-6---Group-4---CSCN73060-SEC-1/Data/ApplicationDbContext.cs:30: warning: Member CpuCoolers (property) of class Project_6___Group_4___CSCN73060_SEC_1.Data.ApplicationDbContext is not documented.
C:/Conestoga/Semester 2/CSCN73060 Project VI/Project 1/Project-6---Group-4---CSCN73060-SEC-1/Data/ApplicationDbContext.cs:33: warning: Member Builds (property) of class Project_6___Group_4___CSCN73060_SEC_1.Data.ApplicationDbContext is not documented.
C:/Conestoga/Semester 2/CSCN73060 Project VI/Project 1/Project-6---Group-4---CSCN73060-SEC-1/Data/ApplicationDbContext.cs:36: warning: Member PartAverageCaches (property) of class Project_6___Group_4___CSCN73060_SEC_1.Data.ApplicationDbContext is not documented.
C:/Conestoga/Semester 2/CSCN73060 Project VI/Project 1/Project-6---Group-4---CSCN73060-SEC-1/Data/DbSeeder.cs:23: warning: Member DbSeeder(ApplicationDbContext context, IWebHostEnvironment env, ILogger< DbSeeder > logger, IConfiguration configuration) (function) of class Project_6___Group_4___CSCN73060_SEC_1.Data.DbSeeder is not documented.
C:/Conestoga/Semester 2/CSCN73060 Project VI/Project 1/Project-6---Group-4---CSCN73060-SEC-1/Data/TestDbSeeder.cs:13: warning: Member TestDbSeeder(ApplicationDbContext context, IWebHostEnvironment env, ILogger< TestDbSeeder > logger, IConfiguration configuration) (function) of class Project_6___Group_4___CSCN73060_SEC_1.Data.TestDbSeeder is not documented.
C:/Conestoga/Semester 2/CSCN73060 Project VI/Project 1/Project-6---Group-4---CSCN73060-SEC-1/Migrations/ApplicationDbContextModelSnapshot.cs:15: warning: Member BuildModel(ModelBuilder modelBuilder) (function) of class Project_6___Group_4___CSCN73060_SEC_1.Migrations.ApplicationDbContextModelSnapshot is not documented.
C:/Conestoga/Semester 2/CSCN73060 Project VI/Project 1/Project-6---Group-4---CSCN73060-SEC-1/Models/Build.cs:19: warning: Member Id (property) of class Project_6___Group_4___CSCN73060_SEC_1.Models.Build is not documented.
C:/Conestoga/Semester 2/CSCN73060 Project VI/Project 1/Project-6---Group-4---CSCN73060-SEC-1/Models/Build.cs:34: warning: Member CreatedAt (property) of class Project_6___Group_4___CSCN73060_SEC_1.Models.Build is not documented.
C:/Conestoga/Semester 2/CSCN73060 Project VI/Project 1/Project-6---Group-4---CSCN73060-SEC-1/Models/Build.cs:36: warning: Member UpdatedAt (property) of class Project_6___Group_4___CSCN73060_SEC_1.Models.Build is not documented.
C:/Conestoga/Semester 2/CSCN73060 Project VI/Project 1/Project-6---Group-4---CSCN73060-SEC-1/Models/Build.cs:39: warning: Member CpuId (property) of class Project_6___Group_4___CSCN73060_SEC_1.Models.Build is not documented.
C:/Conestoga/Semester 2/CSCN73060 Project VI/Project 1/Project-6---Group-4---CSCN73060-SEC-1/Models/Build.cs:40: warning: Member GpuId (property) of class Project_6___Group_4___CSCN73060_SEC_1.Models.Build is not documented.
C:/Conestoga/Semester 2/CSCN73060 Project VI/Project 1/Project-6---Group-4---CSCN73060-SEC-1/Models/Build.cs:41: warning: Member MotherboardId (property) of class Project_6___Group_4___CSCN73060_SEC_1.Models.Build is not documented.
C:/Conestoga/Semester 2/CSCN73060 Project VI/Project 1/Project-6---Group-4---CSCN73060-SEC-1/Models/Build.cs:42: warning: Member MemoryId (property) of class Project_6___Group_4___CSCN73060_SEC_1.Models.Build is not documented.
C:/Conestoga/Semester 2/CSCN73060 Project VI/Project 1/Project-6---Group-4---CSCN73060-SEC-1/Models/Build.cs:43: warning: Member StorageId (property) of class Project_6___Group_4___CSCN73060_SEC_1.Models.Build is not documented.
C:/Conestoga/Semester 2/CSCN73060 Project VI/Project 1/Project-6---Group-4---CSCN73060-SEC-1/Models/Build.cs:44: warning: Member CaseId (property) of class Project_6___Group_4___CSCN73060_SEC_1.Models.Build is not documented.
C:/Conestoga/Semester 2/CSCN73060 Project VI/Project 1/Project-6---Group-4---CSCN73060-SEC-1/Models/Build.cs:45: warning: Member PowerSupplyId (property) of class Project_6___Group_4___CSCN73060_SEC_1.Models.Build is not documented.
C:/Conestoga/Semester 2/CSCN73060 Project VI/Project 1/Project-6---Group-4---CSCN73060-SEC-1/Models/Build.cs:46: warning: Member CpuCoolerId (property) of class Project_6___Group_4___CSCN73060_SEC_1.Models.Build is not documented.
C:/Conestoga/Semester 2/CSCN73060 Project VI/Project 1/Project-6---Group-4---CSCN73060-SEC-1/Models/Build.cs:50: warning: Member Cpu (property) of class Project_6___Group_4___CSCN73060_SEC_1.Models.Build is not documented.
C:/Conestoga/Semester 2/CSCN73060 Project VI/Project 1/Project-6---Group-4---CSCN73060-SEC-1/Models/Build.cs:53: warning: Member Gpu (property) of class Project_6___Group_4___CSCN73060_SEC_1.Models.Build is not documented.
C:/Conestoga/Semester 2/CSCN73060 Project VI/Project 1/Project-6---Group-4---CSCN73060-SEC-1/Models/Build.cs:56: warning: Member Motherboard (property) of class Project_6___Group_4___CSCN73060_SEC_1.Models.Build is not documented.
C:/Conestoga/Semester 2/CSCN73060 Project VI/Project 1/Project-6---Group-4---CSCN73060-SEC-1/Models/Build.cs:59: warning: Member Memory (property) of class Project_6___Group_4___CSCN73060_SEC_1.Models.Build is not documented.
C:/Conestoga/Semester 2/CSCN73060 Project VI/Project 1/Project-6---Group-4---CSCN73060-SEC-1/Models/Build.cs:62: warning: Member Storage (property) of class Project_6___Group_4___CSCN73060_SEC_1.Models.Build is not documented.
C:/Conestoga/Semester 2/CSCN73060 Project VI/Project 1/Project-6---Group-4---CSCN73060-SEC-1/Models/Build.cs:65: warning: Member Case (property) of class Project_6___Group_4___CSCN73060_SEC_1.Models.Build is not documented.
C:/Conestoga/Semester 2/CSCN73060 Project VI/Project 1/Project-6---Group-4---CSCN73060-SEC-1/Models/Build.cs:68: warning: Member PowerSupply (property) of class Project_6___Group_4___CSCN73060_SEC_1.Models.Build is not documented.
C:/Conestoga/Semester 2/CSCN73060 Project VI/Project 1/Project-6---Group-4---CSCN73060-SEC-1/Models/Build.cs:71: warning: Member CpuCooler (property) of class Project_6___Group_4___CSCN73060_SEC_1.Models.Build is not documented.
C:/Conestoga/Semester 2/CSCN73060 Project VI/Project 1/Project-6---Group-4---CSCN73060-SEC-1/Models/Case.cs:17: warning: Member Id (property) of class Project_6___Group_4___CSCN73060_SEC_1.Models.Case is not documented.
C:/Conestoga/Semester 2/CSCN73060 Project VI/Project 1/Project-6---Group-4---CSCN73060-SEC-1/Models/Case.cs:27: warning: Member ImageUrl (property) of class Project_6___Group_4___CSCN73060_SEC_1.Models.Case is not documented.
C:/Conestoga/Semester 2/CSCN73060 Project VI/Project 1/Project-6---Group-4---CSCN73060-SEC-1/Models/Case.cs:30: warning: Member ProductUrl (property) of class Project_6___Group_4___CSCN73060_SEC_1.Models.Case is not documented.
C:/Conestoga/Semester 2/CSCN73060 Project VI/Project 1/Project-6---Group-4---CSCN73060-SEC-1/Models/Case.cs:33: warning: Member Price (property) of class Project_6___Group_4___CSCN73060_SEC_1.Models.Case is not documented.
C:/Conestoga/Semester 2/CSCN73060 Project VI/Project 1/Project-6---Group-4---CSCN73060-SEC-1/Models/Case.cs:36: warning: Member Manufacturer (property) of class Project_6___Group_4___CSCN73060_SEC_1.Models.Case is not documented.
C:/Conestoga/Semester 2/CSCN73060 Project VI/Project 1/Project-6---Group-4---CSCN73060-SEC-1/Models/Case.cs:39: warning: Member PartNumber (property) of class Project_6___Group_4___CSCN73060_SEC_1.Models.Case is not documented.
C:/Conestoga/Semester 2/CSCN73060 Project VI/Project 1/Project-6---Group-4---CSCN73060-SEC-1/Models/Case.cs:42: warning: Member Type (property) of class Project_6___Group_4___CSCN73060_SEC_1.Models.Case is not documented.
C:/Conestoga/Semester 2/CSCN73060 Project VI/Project 1/Project-6---Group-4---CSCN73060-SEC-1/Models/Case.cs:45: warning: Member Color (property) of class Project_6___Group_4___CSCN73060_SEC_1.Models.Case is not documented.
C:/Conestoga/Semester 2/CSCN73060 Project VI/Project 1/Project-6---Group-4---CSCN73060-SEC-1/Models/Case.cs:48: warning: Member PowerSupply (property) of class Project_6___Group_4___CSCN73060_SEC_1.Models.Case is not documented.
C:/Conestoga/Semester 2/CSCN73060 Project VI/Project 1/Project-6---Group-4---CSCN73060-SEC-1/Models/Case.cs:51: warning: Member SidePanel (property) of class Project_6___Group_4___CSCN73060_SEC_1.Models.Case is not documented.
C:/Conestoga/Semester 2/CSCN73060 Project VI/Project 1/Project-6---Group-4---CSCN73060-SEC-1/Models/Case.cs:54: warning: Member PowerSupplyShroud (property) of class Project_6___Group_4___CSCN73060_SEC_1.Models.Case is not documented.
C:/Conestoga/Semester 2/CSCN73060 Project VI/Project 1/Project-6---Group-4---CSCN73060-SEC-1/Models/Case.cs:57: warning: Member FrontPanelUSB (property) of class Project_6___Group_4___CSCN73060_SEC_1.Models.Case is not documented.
C:/Conestoga/Semester 2/CSCN73060 Project VI/Project 1/Project-6---Group-4---CSCN73060-SEC-1/Models/Case.cs:60: warning: Member MotherboardFormFactor (property) of class Project_6___Group_4___CSCN73060_SEC_1.Models.Case is not documented.
C:/Conestoga/Semester 2/CSCN73060 Project VI/Project 1/Project-6---Group-4---CSCN73060-SEC-1/Models/Case.cs:63: warning: Member MaximumVideoCardLength (property) of class Project_6___Group_4___CSCN73060_SEC_1.Models.Case is not documented.
C:/Conestoga/Semester 2/CSCN73060 Project VI/Project 1/Project-6---Group-4---CSCN73060-SEC-1/Models/Case.cs:66: warning: Member DriveBays (property) of class Project_6___Group_4___CSCN73060_SEC_1.Models.Case is not documented.
C:/Conestoga/Semester 2/CSCN73060 Project VI/Project 1/Project-6---Group-4---CSCN73060-SEC-1/Models/Case.cs:69: warning: Member ExpansionSlots (property) of class Project_6___Group_4___CSCN73060_SEC_1.Models.Case is not documented.
C:/Conestoga/Semester 2/CSCN73060 Project VI/Project 1/Project-6---Group-4---CSCN73060-SEC-1/Models/Case.cs:72: warning: Member Dimensions (property) of class Project_6___Group_4___CSCN73060_SEC_1.Models.Case is not documented.
C:/Conestoga/Semester 2/CSCN73060 Project VI/Project 1/Project-6---Group-4---CSCN73060-SEC-1/Models/Case.cs:75: warning: Member Volume (property) of class Project_6___Group_4___CSCN73060_SEC_1.Models.Case is not documented.
C:/Conestoga/Semester 2/CSCN73060 Project VI/Project 1/Project-6---Group-4---CSCN73060-SEC-1/Models/Cpu.cs:18: warning: Member Id (property) of class Project_6___Group_4___CSCN73060_SEC_1.Models.Cpu is not documented.
C:/Conestoga/Semester 2/CSCN73060 Project VI/Project 1/Project-6---Group-4---CSCN73060-SEC-1/Models/Cpu.cs:64: warning: Member Microarchitecture (property) of class Project_6___Group_4___CSCN73060_SEC_1.Models.Cpu is not documented.
C:/Conestoga/Semester 2/CSCN73060 Project VI/Project 1/Project-6---Group-4---CSCN73060-SEC-1/Models/Cpu.cs:67: warning: Member CoreFamily (property) of class Project_6___Group_4___CSCN73060_SEC_1.Models.Cpu is not documented.
C:/Conestoga/Semester 2/CSCN73060 Project VI/Project 1/Project-6---Group-4---CSCN73060-SEC-1/Models/Cpu.cs:81: warning: Member PerformanceCoreClock (property) of class Project_6___Group_4___CSCN73060_SEC_1.Models.Cpu is not documented.
C:/Conestoga/Semester 2/CSCN73060 Project VI/Project 1/Project-6---Group-4---CSCN73060-SEC-1/Models/Cpu.cs:84: warning: Member PerformanceCoreBoostClock (property) of class Project_6___Group_4___CSCN73060_SEC_1.Models.Cpu is not documented.
C:/Conestoga/Semester 2/CSCN73060 Project VI/Project 1/Project-6---Group-4---CSCN73060-SEC-1/Models/Cpu.cs:87: warning: Member EfficiencyCoreClock (property) of class Project_6___Group_4___CSCN73060_SEC_1.Models.Cpu is not documented.
C:/Conestoga/Semester 2/CSCN73060 Project VI/Project 1/Project-6---Group-4---CSCN73060-SEC-1/Models/Cpu.cs:90: warning: Member EfficiencyCoreBoostClock (property) of class Project_6___Group_4___CSCN73060_SEC_1.Models.Cpu is not documented.
C:/Conestoga/Semester 2/CSCN73060 Project VI/Project 1/Project-6---Group-4---CSCN73060-SEC-1/Models/Cpu.cs:93: warning: Member L2Cache (property) of class Project_6___Group_4___CSCN73060_SEC_1.Models.Cpu is not documented.
C:/Conestoga/Semester 2/CSCN73060 Project VI/Project 1/Project-6---Group-4---CSCN73060-SEC-1/Models/Cpu.cs:96: warning: Member L3Cache (property) of class Project_6___Group_4___CSCN73060_SEC_1.Models.Cpu is not documented.
C:/Conestoga/Semester 2/CSCN73060 Project VI/Project 1/Project-6---Group-4---CSCN73060-SEC-1/Models/Cpu.cs:99: warning: Member TDP (property) of class Project_6___Group_4___CSCN73060_SEC_1.Models.Cpu is not documented.
C:/Conestoga/Semester 2/CSCN73060 Project VI/Project 1/Project-6---Group-4---CSCN73060-SEC-1/Models/Cpu.cs:102: warning: Member IntegratedGraphics (property) of class Project_6___Group_4___CSCN73060_SEC_1.Models.Cpu is not documented.
C:/Conestoga/Semester 2/CSCN73060 Project VI/Project 1/Project-6---Group-4---CSCN73060-SEC-1/Models/Cpu.cs:105: warning: Member MaximumSupportedMemory (property) of class Project_6___Group_4___CSCN73060_SEC_1.Models.Cpu is not documented.
C:/Conestoga/Semester 2/CSCN73060 Project VI/Project 1/Project-6---Group-4---CSCN73060-SEC-1/Models/Cpu.cs:108: warning: Member ECCSupport (property) of class Project_6___Group_4___CSCN73060_SEC_1.Models.Cpu is not documented.
C:/Conestoga/Semester 2/CSCN73060 Project VI/Project 1/Project-6---Group-4---CSCN73060-SEC-1/Models/Cpu.cs:111: warning: Member IncludesCooler (property) of class Project_6___Group_4___CSCN73060_SEC_1.Models.Cpu is not documented.
C:/Conestoga/Semester 2/CSCN73060 Project VI/Project 1/Project-6---Group-4---CSCN73060-SEC-1/Models/Cpu.cs:114: warning: Member Packaging (property) of class Project_6___Group_4___CSCN73060_SEC_1.Models.Cpu is not documented.
C:/Conestoga/Semester 2/CSCN73060 Project VI/Project 1/Project-6---Group-4---CSCN73060-SEC-1/Models/Cpu.cs:117: warning: Member Lithography (property) of class Project_6___Group_4___CSCN73060_SEC_1.Models.Cpu is not documented.
C:/Conestoga/Semester 2/CSCN73060 Project VI/Project 1/Project-6---Group-4---CSCN73060-SEC-1/Models/Cpu.cs:120: warning: Member IncludesCPUCooler (property) of class Project_6___Group_4___CSCN73060_SEC_1.Models.Cpu is not documented.
C:/Conestoga/Semester 2/CSCN73060 Project VI/Project 1/Project-6---Group-4---CSCN73060-SEC-1/Models/Cpu.cs:123: warning: Member SimultaneousMultithreading (property) of class Project_6___Group_4___CSCN73060_SEC_1.Models.Cpu is not documented.
C:/Conestoga/Semester 2/CSCN73060 Project VI/Project 1/Project-6---Group-4---CSCN73060-SEC-1/Models/CpuCooler.cs:17: warning: Member Id (property) of class Project_6___Group_4___CSCN73060_SEC_1.Models.CpuCooler is not documented.
C:/Conestoga/Semester 2/CSCN73060 Project VI/Project 1/Project-6---Group-4---CSCN73060-SEC-1/Models/CpuCooler.cs:27: warning: Member ImageUrl (property) of class Project_6___Group_4___CSCN73060_SEC_1.Models.CpuCooler is not documented.
C:/Conestoga/Semester 2/CSCN73060 Project VI/Project 1/Project-6---Group-4---CSCN73060-SEC-1/Models/CpuCooler.cs:30: warning: Member ProductUrl (property) of class Project_6___Group_4___CSCN73060_SEC_1.Models.CpuCooler is not documented.
C:/Conestoga/Semester 2/CSCN73060 Project VI/Project 1/Project-6---Group-4---CSCN73060-SEC-1/Models/CpuCooler.cs:33: warning: Member Price (property) of class Project_6___Group_4___CSCN73060_SEC_1.Models.CpuCooler is not documented.
C:/Conestoga/Semester 2/CSCN73060 Project VI/Project 1/Project-6---Group-4---CSCN73060-SEC-1/Models/CpuCooler.cs:36: warning: Member Manufacturer (property) of class Project_6___Group_4___CSCN73060_SEC_1.Models.CpuCooler is not documented.
C:/Conestoga/Semester 2/CSCN73060 Project VI/Project 1/Project-6---Group-4---CSCN73060-SEC-1/Models/CpuCooler.cs:39: warning: Member Model (property) of class Project_6___Group_4___CSCN73060_SEC_1.Models.CpuCooler is not documented.
C:/Conestoga/Semester 2/CSCN73060 Project VI/Project 1/Project-6---Group-4---CSCN73060-SEC-1/Models/CpuCooler.cs:42: warning: Member PartNumber (property) of class Project_6___Group_4___CSCN73060_SEC_1.Models.CpuCooler is not documented.
C:/Conestoga/Semester 2/CSCN73060 Project VI/Project 1/Project-6---Group-4---CSCN73060-SEC-1/Models/CpuCooler.cs:45: warning: Member FanRPM (property) of class Project_6___Group_4___CSCN73060_SEC_1.Models.CpuCooler is not documented.
C:/Conestoga/Semester 2/CSCN73060 Project VI/Project 1/Project-6---Group-4---CSCN73060-SEC-1/Models/CpuCooler.cs:48: warning: Member NoiseLevel (property) of class Project_6___Group_4___CSCN73060_SEC_1.Models.CpuCooler is not documented.
C:/Conestoga/Semester 2/CSCN73060 Project VI/Project 1/Project-6---Group-4---CSCN73060-SEC-1/Models/CpuCooler.cs:51: warning: Member Color (property) of class Project_6___Group_4___CSCN73060_SEC_1.Models.CpuCooler is not documented.
C:/Conestoga/Semester 2/CSCN73060 Project VI/Project 1/Project-6---Group-4---CSCN73060-SEC-1/Models/CpuCooler.cs:54: warning: Member Height (property) of class Project_6___Group_4___CSCN73060_SEC_1.Models.CpuCooler is not documented.
C:/Conestoga/Semester 2/CSCN73060 Project VI/Project 1/Project-6---Group-4---CSCN73060-SEC-1/Models/CpuCooler.cs:57: warning: Member CPUSocket (property) of class Project_6___Group_4___CSCN73060_SEC_1.Models.CpuCooler is not documented.
C:/Conestoga/Semester 2/CSCN73060 Project VI/Project 1/Project-6---Group-4---CSCN73060-SEC-1/Models/CpuCooler.cs:60: warning: Member WaterCooled (property) of class Project_6___Group_4___CSCN73060_SEC_1.Models.CpuCooler is not documented.
C:/Conestoga/Semester 2/CSCN73060 Project VI/Project 1/Project-6---Group-4---CSCN73060-SEC-1/Models/CpuCooler.cs:63: warning: Member Fanless (property) of class Project_6___Group_4___CSCN73060_SEC_1.Models.CpuCooler is not documented.
C:/Conestoga/Semester 2/CSCN73060 Project VI/Project 1/Project-6---Group-4---CSCN73060-SEC-1/Models/CpuCooler.cs:66: warning: Member SpecsNumber (property) of class Project_6___Group_4___CSCN73060_SEC_1.Models.CpuCooler is not documented.
C:/Conestoga/Semester 2/CSCN73060 Project VI/Project 1/Project-6---Group-4---CSCN73060-SEC-1/Models/ErrorViewModel.cs:5: warning: Member RequestId (property) of class Project_6___Group_4___CSCN73060_SEC_1.Models.ErrorViewModel is not documented.
C:/Conestoga/Semester 2/CSCN73060 Project VI/Project 1/Project-6---Group-4---CSCN73060-SEC-1/Models/ErrorViewModel.cs:7: warning: Member ShowRequestId (property) of class Project_6___Group_4___CSCN73060_SEC_1.Models.ErrorViewModel is not documented.
C:/Conestoga/Semester 2/CSCN73060 Project VI/Project 1/Project-6---Group-4---CSCN73060-SEC-1/Models/Gpu.cs:17: warning: Member Id (property) of class Project_6___Group_4___CSCN73060_SEC_1.Models.Gpu is not documented.
C:/Conestoga/Semester 2/CSCN73060 Project VI/Project 1/Project-6---Group-4---CSCN73060-SEC-1/Models/Gpu.cs:27: warning: Member ImageUrl (property) of class Project_6___Group_4___CSCN73060_SEC_1.Models.Gpu is not documented.
C:/Conestoga/Semester 2/CSCN73060 Project VI/Project 1/Project-6---Group-4---CSCN73060-SEC-1/Models/Gpu.cs:30: warning: Member ProductUrl (property) of class Project_6___Group_4___CSCN73060_SEC_1.Models.Gpu is not documented.
C:/Conestoga/Semester 2/CSCN73060 Project VI/Project 1/Project-6---Group-4---CSCN73060-SEC-1/Models/Gpu.cs:39: warning: Member Manufacturer (property) of class Project_6___Group_4___CSCN73060_SEC_1.Models.Gpu is not documented.
C:/Conestoga/Semester 2/CSCN73060 Project VI/Project 1/Project-6---Group-4---CSCN73060-SEC-1/Models/Gpu.cs:42: warning: Member PartNumber (property) of class Project_6___Group_4___CSCN73060_SEC_1.Models.Gpu is not documented.
C:/Conestoga/Semester 2/CSCN73060 Project VI/Project 1/Project-6---Group-4---CSCN73060-SEC-1/Models/Gpu.cs:45: warning: Member Chipset (property) of class Project_6___Group_4___CSCN73060_SEC_1.Models.Gpu is not documented.
C:/Conestoga/Semester 2/CSCN73060 Project VI/Project 1/Project-6---Group-4---CSCN73060-SEC-1/Models/Gpu.cs:48: warning: Member Memory (property) of class Project_6___Group_4___CSCN73060_SEC_1.Models.Gpu is not documented.
C:/Conestoga/Semester 2/CSCN73060 Project VI/Project 1/Project-6---Group-4---CSCN73060-SEC-1/Models/Gpu.cs:51: warning: Member MemoryType (property) of class Project_6___Group_4___CSCN73060_SEC_1.Models.Gpu is not documented.
C:/Conestoga/Semester 2/CSCN73060 Project VI/Project 1/Project-6---Group-4---CSCN73060-SEC-1/Models/Gpu.cs:54: warning: Member CoreClock (property) of class Project_6___Group_4___CSCN73060_SEC_1.Models.Gpu is not documented.
C:/Conestoga/Semester 2/CSCN73060 Project VI/Project 1/Project-6---Group-4---CSCN73060-SEC-1/Models/Gpu.cs:57: warning: Member BoostClock (property) of class Project_6___Group_4___CSCN73060_SEC_1.Models.Gpu is not documented.
C:/Conestoga/Semester 2/CSCN73060 Project VI/Project 1/Project-6---Group-4---CSCN73060-SEC-1/Models/Gpu.cs:60: warning: Member EffectiveMemoryClock (property) of class Project_6___Group_4___CSCN73060_SEC_1.Models.Gpu is not documented.
C:/Conestoga/Semester 2/CSCN73060 Project VI/Project 1/Project-6---Group-4---CSCN73060-SEC-1/Models/Gpu.cs:63: warning: Member Interface (property) of class Project_6___Group_4___CSCN73060_SEC_1.Models.Gpu is not documented.
C:/Conestoga/Semester 2/CSCN73060 Project VI/Project 1/Project-6---Group-4---CSCN73060-SEC-1/Models/Gpu.cs:66: warning: Member Color (property) of class Project_6___Group_4___CSCN73060_SEC_1.Models.Gpu is not documented.
C:/Conestoga/Semester 2/CSCN73060 Project VI/Project 1/Project-6---Group-4---CSCN73060-SEC-1/Models/Gpu.cs:69: warning: Member FrameSync (property) of class Project_6___Group_4___CSCN73060_SEC_1.Models.Gpu is not documented.
C:/Conestoga/Semester 2/CSCN73060 Project VI/Project 1/Project-6---Group-4---CSCN73060-SEC-1/Models/Gpu.cs:72: warning: Member Length (property) of class Project_6___Group_4___CSCN73060_SEC_1.Models.Gpu is not documented.
C:/Conestoga/Semester 2/CSCN73060 Project VI/Project 1/Project-6---Group-4---CSCN73060-SEC-1/Models/Gpu.cs:75: warning: Member TDP (property) of class Project_6___Group_4___CSCN73060_SEC_1.Models.Gpu is not documented.
C:/Conestoga/Semester 2/CSCN73060 Project VI/Project 1/Project-6---Group-4---CSCN73060-SEC-1/Models/Gpu.cs:78: warning: Member CaseExpansionSlotWidth (property) of class Project_6___Group_4___CSCN73060_SEC_1.Models.Gpu is not documented.
C:/Conestoga/Semester 2/CSCN73060 Project VI/Project 1/Project-6---Group-4---CSCN73060-SEC-1/Models/Gpu.cs:81: warning: Member TotalSlotWidth (property) of class Project_6___Group_4___CSCN73060_SEC_1.Models.Gpu is not documented.
C:/Conestoga/Semester 2/CSCN73060 Project VI/Project 1/Project-6---Group-4---CSCN73060-SEC-1/Models/Gpu.cs:84: warning: Member Cooling (property) of class Project_6___Group_4___CSCN73060_SEC_1.Models.Gpu is not documented.
C:/Conestoga/Semester 2/CSCN73060 Project VI/Project 1/Project-6---Group-4---CSCN73060-SEC-1/Models/Gpu.cs:87: warning: Member ExternalPower (property) of class Project_6___Group_4___CSCN73060_SEC_1.Models.Gpu is not documented.
C:/Conestoga/Semester 2/CSCN73060 Project VI/Project 1/Project-6---Group-4---CSCN73060-SEC-1/Models/Gpu.cs:90: warning: Member HDMIOutputs (property) of class Project_6___Group_4___CSCN73060_SEC_1.Models.Gpu is not documented.
C:/Conestoga/Semester 2/CSCN73060 Project VI/Project 1/Project-6---Group-4---CSCN73060-SEC-1/Models/Gpu.cs:93: warning: Member DisplayPortOutputs (property) of class Project_6___Group_4___CSCN73060_SEC_1.Models.Gpu is not documented.
C:/Conestoga/Semester 2/CSCN73060 Project VI/Project 1/Project-6---Group-4---CSCN73060-SEC-1/Models/Gpu.cs:96: warning: Member DVIDDualLinkOutputs (property) of class Project_6___Group_4___CSCN73060_SEC_1.Models.Gpu is not documented.
C:/Conestoga/Semester 2/CSCN73060 Project VI/Project 1/Project-6---Group-4---CSCN73060-SEC-1/Models/Gpu.cs:99: warning: Member HDMI21aOutputs (property) of class Project_6___Group_4___CSCN73060_SEC_1.Models.Gpu is not documented.
C:/Conestoga/Semester 2/CSCN73060 Project VI/Project 1/Project-6---Group-4---CSCN73060-SEC-1/Models/Gpu.cs:102: warning: Member DisplayPort14Outputs (property) of class Project_6___Group_4___CSCN73060_SEC_1.Models.Gpu is not documented.
C:/Conestoga/Semester 2/CSCN73060 Project VI/Project 1/Project-6---Group-4---CSCN73060-SEC-1/Models/Gpu.cs:105: warning: Member DisplayPort14aOutputs (property) of class Project_6___Group_4___CSCN73060_SEC_1.Models.Gpu is not documented.
C:/Conestoga/Semester 2/CSCN73060 Project VI/Project 1/Project-6---Group-4---CSCN73060-SEC-1/Models/Gpu.cs:108: warning: Member DisplayPort21Outputs (property) of class Project_6___Group_4___CSCN73060_SEC_1.Models.Gpu is not documented.
C:/Conestoga/Semester 2/CSCN73060 Project VI/Project 1/Project-6---Group-4---CSCN73060-SEC-1/Models/Gpu.cs:111: warning: Member SLICrossFire (property) of class Project_6___Group_4___CSCN73060_SEC_1.Models.Gpu is not documented.
C:/Conestoga/Semester 2/CSCN73060 Project VI/Project 1/Project-6---Group-4---CSCN73060-SEC-1/Models/Memory.cs:17: warning: Member Id (property) of class Project_6___Group_4___CSCN73060_SEC_1.Models.Memory is not documented.
C:/Conestoga/Semester 2/CSCN73060 Project VI/Project 1/Project-6---Group-4---CSCN73060-SEC-1/Models/Memory.cs:27: warning: Member ImageUrl (property) of class Project_6___Group_4___CSCN73060_SEC_1.Models.Memory is not documented.
C:/Conestoga/Semester 2/CSCN73060 Project VI/Project 1/Project-6---Group-4---CSCN73060-SEC-1/Models/Memory.cs:30: warning: Member ProductUrl (property) of class Project_6___Group_4___CSCN73060_SEC_1.Models.Memory is not documented.
C:/Conestoga/Semester 2/CSCN73060 Project VI/Project 1/Project-6---Group-4---CSCN73060-SEC-1/Models/Memory.cs:39: warning: Member Manufacturer (property) of class Project_6___Group_4___CSCN73060_SEC_1.Models.Memory is not documented.
C:/Conestoga/Semester 2/CSCN73060 Project VI/Project 1/Project-6---Group-4---CSCN73060-SEC-1/Models/Memory.cs:42: warning: Member PartNumber (property) of class Project_6___Group_4___CSCN73060_SEC_1.Models.Memory is not documented.
C:/Conestoga/Semester 2/CSCN73060 Project VI/Project 1/Project-6---Group-4---CSCN73060-SEC-1/Models/Memory.cs:51: warning: Member FormFactor (property) of class Project_6___Group_4___CSCN73060_SEC_1.Models.Memory is not documented.
C:/Conestoga/Semester 2/CSCN73060 Project VI/Project 1/Project-6---Group-4---CSCN73060-SEC-1/Models/Memory.cs:54: warning: Member Modules (property) of class Project_6___Group_4___CSCN73060_SEC_1.Models.Memory is not documented.
C:/Conestoga/Semester 2/CSCN73060 Project VI/Project 1/Project-6---Group-4---CSCN73060-SEC-1/Models/Memory.cs:57: warning: Member PricePerGB (property) of class Project_6___Group_4___CSCN73060_SEC_1.Models.Memory is not documented.
C:/Conestoga/Semester 2/CSCN73060 Project VI/Project 1/Project-6---Group-4---CSCN73060-SEC-1/Models/Memory.cs:60: warning: Member Color (property) of class Project_6___Group_4___CSCN73060_SEC_1.Models.Memory is not documented.
C:/Conestoga/Semester 2/CSCN73060 Project VI/Project 1/Project-6---Group-4---CSCN73060-SEC-1/Models/Memory.cs:63: warning: Member FirstWordLatency (property) of class Project_6___Group_4___CSCN73060_SEC_1.Models.Memory is not documented.
C:/Conestoga/Semester 2/CSCN73060 Project VI/Project 1/Project-6---Group-4---CSCN73060-SEC-1/Models/Memory.cs:66: warning: Member CASLatency (property) of class Project_6___Group_4___CSCN73060_SEC_1.Models.Memory is not documented.
C:/Conestoga/Semester 2/CSCN73060 Project VI/Project 1/Project-6---Group-4---CSCN73060-SEC-1/Models/Memory.cs:69: warning: Member Voltage (property) of class Project_6___Group_4___CSCN73060_SEC_1.Models.Memory is not documented.
C:/Conestoga/Semester 2/CSCN73060 Project VI/Project 1/Project-6---Group-4---CSCN73060-SEC-1/Models/Memory.cs:72: warning: Member Timing (property) of class Project_6___Group_4___CSCN73060_SEC_1.Models.Memory is not documented.
C:/Conestoga/Semester 2/CSCN73060 Project VI/Project 1/Project-6---Group-4---CSCN73060-SEC-1/Models/Memory.cs:75: warning: Member ECCRegistered (property) of class Project_6___Group_4___CSCN73060_SEC_1.Models.Memory is not documented.
C:/Conestoga/Semester 2/CSCN73060 Project VI/Project 1/Project-6---Group-4---CSCN73060-SEC-1/Models/Memory.cs:78: warning: Member HeatSpreader (property) of class Project_6___Group_4___CSCN73060_SEC_1.Models.Memory is not documented.
C:/Conestoga/Semester 2/CSCN73060 Project VI/Project 1/Project-6---Group-4---CSCN73060-SEC-1/Models/Memory.cs:81: warning: Member SpecsNumber (property) of class Project_6___Group_4___CSCN73060_SEC_1.Models.Memory is not documented.
C:/Conestoga/Semester 2/CSCN73060 Project VI/Project 1/Project-6---Group-4---CSCN73060-SEC-1/Models/Motherboard.cs:18: warning: Member Id (property) of class Project_6___Group_4___CSCN73060_SEC_1.Models.Motherboard is not documented.
C:/Conestoga/Semester 2/CSCN73060 Project VI/Project 1/Project-6---Group-4---CSCN73060-SEC-1/Models/Motherboard.cs:101: warning: Member Color (property) of class Project_6___Group_4___CSCN73060_SEC_1.Models.Motherboard is not documented.
C:/Conestoga/Semester 2/CSCN73060 Project VI/Project 1/Project-6---Group-4---CSCN73060-SEC-1/Models/Motherboard.cs:104: warning: Member PCIex16Slots (property) of class Project_6___Group_4___CSCN73060_SEC_1.Models.Motherboard is not documented.
C:/Conestoga/Semester 2/CSCN73060 Project VI/Project 1/Project-6---Group-4---CSCN73060-SEC-1/Models/Motherboard.cs:107: warning: Member PCIex8Slots (property) of class Project_6___Group_4___CSCN73060_SEC_1.Models.Motherboard is not documented.
C:/Conestoga/Semester 2/CSCN73060 Project VI/Project 1/Project-6---Group-4---CSCN73060-SEC-1/Models/Motherboard.cs:110: warning: Member PCIex4Slots (property) of class Project_6___Group_4___CSCN73060_SEC_1.Models.Motherboard is not documented.
C:/Conestoga/Semester 2/CSCN73060 Project VI/Project 1/Project-6---Group-4---CSCN73060-SEC-1/Models/Motherboard.cs:113: warning: Member PCIex1Slots (property) of class Project_6___Group_4___CSCN73060_SEC_1.Models.Motherboard is not documented.
C:/Conestoga/Semester 2/CSCN73060 Project VI/Project 1/Project-6---Group-4---CSCN73060-SEC-1/Models/Motherboard.cs:116: warning: Member PCISlots (property) of class Project_6___Group_4___CSCN73060_SEC_1.Models.Motherboard is not documented.
C:/Conestoga/Semester 2/CSCN73060 Project VI/Project 1/Project-6---Group-4---CSCN73060-SEC-1/Models/Motherboard.cs:119: warning: Member M2Slots (property) of class Project_6___Group_4___CSCN73060_SEC_1.Models.Motherboard is not documented.
C:/Conestoga/Semester 2/CSCN73060 Project VI/Project 1/Project-6---Group-4---CSCN73060-SEC-1/Models/Motherboard.cs:122: warning: Member MiniPCIeSlots (property) of class Project_6___Group_4___CSCN73060_SEC_1.Models.Motherboard is not documented.
C:/Conestoga/Semester 2/CSCN73060 Project VI/Project 1/Project-6---Group-4---CSCN73060-SEC-1/Models/Motherboard.cs:125: warning: Member HalfMiniPCIeSlots (property) of class Project_6___Group_4___CSCN73060_SEC_1.Models.Motherboard is not documented.
C:/Conestoga/Semester 2/CSCN73060 Project VI/Project 1/Project-6---Group-4---CSCN73060-SEC-1/Models/Motherboard.cs:128: warning: Member MiniPCIemSATASlots (property) of class Project_6___Group_4___CSCN73060_SEC_1.Models.Motherboard is not documented.
C:/Conestoga/Semester 2/CSCN73060 Project VI/Project 1/Project-6---Group-4---CSCN73060-SEC-1/Models/Motherboard.cs:131: warning: Member mSATASlots (property) of class Project_6___Group_4___CSCN73060_SEC_1.Models.Motherboard is not documented.
C:/Conestoga/Semester 2/CSCN73060 Project VI/Project 1/Project-6---Group-4---CSCN73060-SEC-1/Models/Motherboard.cs:134: warning: Member SATA6GbsSlots (property) of class Project_6___Group_4___CSCN73060_SEC_1.Models.Motherboard is not documented.
C:/Conestoga/Semester 2/CSCN73060 Project VI/Project 1/Project-6---Group-4---CSCN73060-SEC-1/Models/Motherboard.cs:137: warning: Member OnboardEthernet (property) of class Project_6___Group_4___CSCN73060_SEC_1.Models.Motherboard is not documented.
C:/Conestoga/Semester 2/CSCN73060 Project VI/Project 1/Project-6---Group-4---CSCN73060-SEC-1/Models/Motherboard.cs:140: warning: Member OnboardVideo (property) of class Project_6___Group_4___CSCN73060_SEC_1.Models.Motherboard is not documented.
C:/Conestoga/Semester 2/CSCN73060 Project VI/Project 1/Project-6---Group-4---CSCN73060-SEC-1/Models/Motherboard.cs:143: warning: Member USB20Headers (property) of class Project_6___Group_4___CSCN73060_SEC_1.Models.Motherboard is not documented.
C:/Conestoga/Semester 2/CSCN73060 Project VI/Project 1/Project-6---Group-4---CSCN73060-SEC-1/Models/Motherboard.cs:146: warning: Member USB20HeadersSinglePort (property) of class Project_6___Group_4___CSCN73060_SEC_1.Models.Motherboard is not documented.
C:/Conestoga/Semester 2/CSCN73060 Project VI/Project 1/Project-6---Group-4---CSCN73060-SEC-1/Models/Motherboard.cs:149: warning: Member USB32Gen1Headers (property) of class Project_6___Group_4___CSCN73060_SEC_1.Models.Motherboard is not documented.
C:/Conestoga/Semester 2/CSCN73060 Project VI/Project 1/Project-6---Group-4---CSCN73060-SEC-1/Models/Motherboard.cs:152: warning: Member USB32Gen2Headers (property) of class Project_6___Group_4___CSCN73060_SEC_1.Models.Motherboard is not documented.
C:/Conestoga/Semester 2/CSCN73060 Project VI/Project 1/Project-6---Group-4---CSCN73060-SEC-1/Models/Motherboard.cs:155: warning: Member USB32Gen2x2Headers (property) of class Project_6___Group_4___CSCN73060_SEC_1.Models.Motherboard is not documented.
C:/Conestoga/Semester 2/CSCN73060 Project VI/Project 1/Project-6---Group-4---CSCN73060-SEC-1/Models/Motherboard.cs:158: warning: Member SupportsECC (property) of class Project_6___Group_4___CSCN73060_SEC_1.Models.Motherboard is not documented.
C:/Conestoga/Semester 2/CSCN73060 Project VI/Project 1/Project-6---Group-4---CSCN73060-SEC-1/Models/Motherboard.cs:161: warning: Member WirelessNetworking (property) of class Project_6___Group_4___CSCN73060_SEC_1.Models.Motherboard is not documented.
C:/Conestoga/Semester 2/CSCN73060 Project VI/Project 1/Project-6---Group-4---CSCN73060-SEC-1/Models/Motherboard.cs:164: warning: Member RAIDSupport (property) of class Project_6___Group_4___CSCN73060_SEC_1.Models.Motherboard is not documented.
C:/Conestoga/Semester 2/CSCN73060 Project VI/Project 1/Project-6---Group-4---CSCN73060-SEC-1/Models/PartAverageCache.cs:18: warning: Member Id (property) of class Project_6___Group_4___CSCN73060_SEC_1.Models.PartAverageCache is not documented.
C:/Conestoga/Semester 2/CSCN73060 Project VI/Project 1/Project-6---Group-4---CSCN73060-SEC-1/Models/PartAverageCache.cs:22: warning: Member PartType (property) of class Project_6___Group_4___CSCN73060_SEC_1.Models.PartAverageCache is not documented.
C:/Conestoga/Semester 2/CSCN73060 Project VI/Project 1/Project-6---Group-4---CSCN73060-SEC-1/Models/PartAverageCache.cs:37: warning: Member CreatedAt (property) of class Project_6___Group_4___CSCN73060_SEC_1.Models.PartAverageCache is not documented.
C:/Conestoga/Semester 2/CSCN73060 Project VI/Project 1/Project-6---Group-4---CSCN73060-SEC-1/Models/PowerSupply.cs:17: warning: Member Id (property) of class Project_6___Group_4___CSCN73060_SEC_1.Models.PowerSupply is not documented.
C:/Conestoga/Semester 2/CSCN73060 Project VI/Project 1/Project-6---Group-4---CSCN73060-SEC-1/Models/PowerSupply.cs:27: warning: Member ImageUrl (property) of class Project_6___Group_4___CSCN73060_SEC_1.Models.PowerSupply is not documented.
C:/Conestoga/Semester 2/CSCN73060 Project VI/Project 1/Project-6---Group-4---CSCN73060-SEC-1/Models/PowerSupply.cs:30: warning: Member ProductUrl (property) of class Project_6___Group_4___CSCN73060_SEC_1.Models.PowerSupply is not documented.
C:/Conestoga/Semester 2/CSCN73060 Project VI/Project 1/Project-6---Group-4---CSCN73060-SEC-1/Models/PowerSupply.cs:33: warning: Member Price (property) of class Project_6___Group_4___CSCN73060_SEC_1.Models.PowerSupply is not documented.
C:/Conestoga/Semester 2/CSCN73060 Project VI/Project 1/Project-6---Group-4---CSCN73060-SEC-1/Models/PowerSupply.cs:36: warning: Member Manufacturer (property) of class Project_6___Group_4___CSCN73060_SEC_1.Models.PowerSupply is not documented.
C:/Conestoga/Semester 2/CSCN73060 Project VI/Project 1/Project-6---Group-4---CSCN73060-SEC-1/Models/PowerSupply.cs:39: warning: Member Model (property) of class Project_6___Group_4___CSCN73060_SEC_1.Models.PowerSupply is not documented.
C:/Conestoga/Semester 2/CSCN73060 Project VI/Project 1/Project-6---Group-4---CSCN73060-SEC-1/Models/PowerSupply.cs:42: warning: Member PartNumber (property) of class Project_6___Group_4___CSCN73060_SEC_1.Models.PowerSupply is not documented.
C:/Conestoga/Semester 2/CSCN73060 Project VI/Project 1/Project-6---Group-4---CSCN73060-SEC-1/Models/PowerSupply.cs:45: warning: Member Type (property) of class Project_6___Group_4___CSCN73060_SEC_1.Models.PowerSupply is not documented.
C:/Conestoga/Semester 2/CSCN73060 Project VI/Project 1/Project-6---Group-4---CSCN73060-SEC-1/Models/PowerSupply.cs:48: warning: Member EfficiencyRating (property) of class Project_6___Group_4___CSCN73060_SEC_1.Models.PowerSupply is not documented.
C:/Conestoga/Semester 2/CSCN73060 Project VI/Project 1/Project-6---Group-4---CSCN73060-SEC-1/Models/PowerSupply.cs:51: warning: Member Wattage (property) of class Project_6___Group_4___CSCN73060_SEC_1.Models.PowerSupply is not documented.
C:/Conestoga/Semester 2/CSCN73060 Project VI/Project 1/Project-6---Group-4---CSCN73060-SEC-1/Models/PowerSupply.cs:54: warning: Member Length (property) of class Project_6___Group_4___CSCN73060_SEC_1.Models.PowerSupply is not documented.
C:/Conestoga/Semester 2/CSCN73060 Project VI/Project 1/Project-6---Group-4---CSCN73060-SEC-1/Models/PowerSupply.cs:57: warning: Member Modular (property) of class Project_6___Group_4___CSCN73060_SEC_1.Models.PowerSupply is not documented.
C:/Conestoga/Semester 2/CSCN73060 Project VI/Project 1/Project-6---Group-4---CSCN73060-SEC-1/Models/PowerSupply.cs:60: warning: Member Color (property) of class Project_6___Group_4___CSCN73060_SEC_1.Models.PowerSupply is not documented.
C:/Conestoga/Semester 2/CSCN73060 Project VI/Project 1/Project-6---Group-4---CSCN73060-SEC-1/Models/PowerSupply.cs:63: warning: Member Fanless (property) of class Project_6___Group_4___CSCN73060_SEC_1.Models.PowerSupply is not documented.
C:/Conestoga/Semester 2/CSCN73060 Project VI/Project 1/Project-6---Group-4---CSCN73060-SEC-1/Models/PowerSupply.cs:66: warning: Member ATX4PinConnectors (property) of class Project_6___Group_4___CSCN73060_SEC_1.Models.PowerSupply is not documented.
C:/Conestoga/Semester 2/CSCN73060 Project VI/Project 1/Project-6---Group-4---CSCN73060-SEC-1/Models/PowerSupply.cs:69: warning: Member EPS8PinConnectors (property) of class Project_6___Group_4___CSCN73060_SEC_1.Models.PowerSupply is not documented.
C:/Conestoga/Semester 2/CSCN73060 Project VI/Project 1/Project-6---Group-4---CSCN73060-SEC-1/Models/PowerSupply.cs:72: warning: Member PCIe12Plus4Pin12VHPWRConnectors (property) of class Project_6___Group_4___CSCN73060_SEC_1.Models.PowerSupply is not documented.
C:/Conestoga/Semester 2/CSCN73060 Project VI/Project 1/Project-6---Group-4---CSCN73060-SEC-1/Models/PowerSupply.cs:75: warning: Member PCIe12PinConnectors (property) of class Project_6___Group_4___CSCN73060_SEC_1.Models.PowerSupply is not documented.
C:/Conestoga/Semester 2/CSCN73060 Project VI/Project 1/Project-6---Group-4---CSCN73060-SEC-1/Models/PowerSupply.cs:78: warning: Member PCIe8PinConnectors (property) of class Project_6___Group_4___CSCN73060_SEC_1.Models.PowerSupply is not documented.
C:/Conestoga/Semester 2/CSCN73060 Project VI/Project 1/Project-6---Group-4---CSCN73060-SEC-1/Models/PowerSupply.cs:81: warning: Member PCIe6Plus2PinConnectors (property) of class Project_6___Group_4___CSCN73060_SEC_1.Models.PowerSupply is not documented.
C:/Conestoga/Semester 2/CSCN73060 Project VI/Project 1/Project-6---Group-4---CSCN73060-SEC-1/Models/PowerSupply.cs:84: warning: Member PCIe6PinConnectors (property) of class Project_6___Group_4___CSCN73060_SEC_1.Models.PowerSupply is not documented.
C:/Conestoga/Semester 2/CSCN73060 Project VI/Project 1/Project-6---Group-4---CSCN73060-SEC-1/Models/PowerSupply.cs:87: warning: Member SATAConnectors (property) of class Project_6___Group_4___CSCN73060_SEC_1.Models.PowerSupply is not documented.
C:/Conestoga/Semester 2/CSCN73060 Project VI/Project 1/Project-6---Group-4---CSCN73060-SEC-1/Models/PowerSupply.cs:90: warning: Member Molex4PinConnectors (property) of class Project_6___Group_4___CSCN73060_SEC_1.Models.PowerSupply is not documented.
C:/Conestoga/Semester 2/CSCN73060 Project VI/Project 1/Project-6---Group-4---CSCN73060-SEC-1/Models/PowerSupply.cs:93: warning: Member SpecsNumber (property) of class Project_6___Group_4___CSCN73060_SEC_1.Models.PowerSupply is not documented.
C:/Conestoga/Semester 2/CSCN73060 Project VI/Project 1/Project-6---Group-4---CSCN73060-SEC-1/Models/Storage.cs:17: warning: Member Id (property) of class Project_6___Group_4___CSCN73060_SEC_1.Models.Storage is not documented.
C:/Conestoga/Semester 2/CSCN73060 Project VI/Project 1/Project-6---Group-4---CSCN73060-SEC-1/Models/Storage.cs:27: warning: Member ImageUrl (property) of class Project_6___Group_4___CSCN73060_SEC_1.Models.Storage is not documented.
C:/Conestoga/Semester 2/CSCN73060 Project VI/Project 1/Project-6---Group-4---CSCN73060-SEC-1/Models/Storage.cs:30: warning: Member ProductUrl (property) of class Project_6___Group_4___CSCN73060_SEC_1.Models.Storage is not documented.
C:/Conestoga/Semester 2/CSCN73060 Project VI/Project 1/Project-6---Group-4---CSCN73060-SEC-1/Models/Storage.cs:33: warning: Member Price (property) of class Project_6___Group_4___CSCN73060_SEC_1.Models.Storage is not documented.
C:/Conestoga/Semester 2/CSCN73060 Project VI/Project 1/Project-6---Group-4---CSCN73060-SEC-1/Models/Storage.cs:36: warning: Member Manufacturer (property) of class Project_6___Group_4___CSCN73060_SEC_1.Models.Storage is not documented.
C:/Conestoga/Semester 2/CSCN73060 Project VI/Project 1/Project-6---Group-4---CSCN73060-SEC-1/Models/Storage.cs:39: warning: Member PartNumber (property) of class Project_6___Group_4___CSCN73060_SEC_1.Models.Storage is not documented.
C:/Conestoga/Semester 2/CSCN73060 Project VI/Project 1/Project-6---Group-4---CSCN73060-SEC-1/Models/Storage.cs:42: warning: Member Capacity (property) of class Project_6___Group_4___CSCN73060_SEC_1.Models.Storage is not documented.
C:/Conestoga/Semester 2/CSCN73060 Project VI/Project 1/Project-6---Group-4---CSCN73060-SEC-1/Models/Storage.cs:45: warning: Member PricePerGB (property) of class Project_6___Group_4___CSCN73060_SEC_1.Models.Storage is not documented.
C:/Conestoga/Semester 2/CSCN73060 Project VI/Project 1/Project-6---Group-4---CSCN73060-SEC-1/Models/Storage.cs:48: warning: Member Type (property) of class Project_6___Group_4___CSCN73060_SEC_1.Models.Storage is not documented.
C:/Conestoga/Semester 2/CSCN73060 Project VI/Project 1/Project-6---Group-4---CSCN73060-SEC-1/Models/Storage.cs:51: warning: Member Cache (property) of class Project_6___Group_4___CSCN73060_SEC_1.Models.Storage is not documented.
C:/Conestoga/Semester 2/CSCN73060 Project VI/Project 1/Project-6---Group-4---CSCN73060-SEC-1/Models/Storage.cs:54: warning: Member FormFactor (property) of class Project_6___Group_4___CSCN73060_SEC_1.Models.Storage is not documented.
C:/Conestoga/Semester 2/CSCN73060 Project VI/Project 1/Project-6---Group-4---CSCN73060-SEC-1/Models/Storage.cs:57: warning: Member Interface (property) of class Project_6___Group_4___CSCN73060_SEC_1.Models.Storage is not documented.
C:/Conestoga/Semester 2/CSCN73060 Project VI/Project 1/Project-6---Group-4---CSCN73060-SEC-1/Models/Storage.cs:60: warning: Member NVME (property) of class Project_6___Group_4___CSCN73060_SEC_1.Models.Storage is not documented.
C:/Conestoga/Semester 2/CSCN73060 Project VI/Project 1/Project-6---Group-4---CSCN73060-SEC-1/Services/IPartService.cs:59: warning: Member PartType (property) of class Project_6___Group_4___CSCN73060_SEC_1.Services.SearchResult is not documented.
C:/Conestoga/Semester 2/CSCN73060 Project VI/Project 1/Project-6---Group-4---CSCN73060-SEC-1/Services/IPartService.cs:60: warning: Member TotalCount (property) of class Project_6___Group_4___CSCN73060_SEC_1.Services.SearchResult is not documented.
C:/Conestoga/Semester 2/CSCN73060 Project VI/Project 1/Project-6---Group-4---CSCN73060-SEC-1/Services/IPartService.cs:61: warning: Member Results (property) of class Project_6___Group_4___CSCN73060_SEC_1.Services.SearchResult is not documented.
C:/Conestoga/Semester 2/CSCN73060 Project VI/Project 1/Project-6---Group-4---CSCN73060-SEC-1/Services/IPartService.cs:62: warning: Member AppliedFilters (property) of class Project_6___Group_4___CSCN73060_SEC_1.Services.SearchResult is not documented.
C:/Conestoga/Semester 2/CSCN73060 Project VI/Project 1/Project-6---Group-4---CSCN73060-SEC-1/Services/IPartService.cs:63: warning: Member AveragePart (property) of class Project_6___Group_4___CSCN73060_SEC_1.Services.SearchResult is not documented.
C:/Conestoga/Semester 2/CSCN73060 Project VI/Project 1/Project-6---Group-4---CSCN73060-SEC-1/Services/IPartService.cs:71: warning: Member PartType (property) of class Project_6___Group_4___CSCN73060_SEC_1.Services.FilterOptions is not documented.
C:/Conestoga/Semester 2/CSCN73060 Project VI/Project 1/Project-6---Group-4---CSCN73060-SEC-1/Services/IPartService.cs:72: warning: Member Attributes (property) of class Project_6___Group_4___CSCN73060_SEC_1.Services.FilterOptions is not documented.
C:/Conestoga/Semester 2/CSCN73060 Project VI/Project 1/Project-6---Group-4---CSCN73060-SEC-1/Services/IPartService.cs:80: warning: Member AttributeName (property) of class Project_6___Group_4___CSCN73060_SEC_1.Services.FilterAttribute is not documented.
C:/Conestoga/Semester 2/CSCN73060 Project VI/Project 1/Project-6---Group-4---CSCN73060-SEC-1/Services/IPartService.cs:81: warning: Member AttributeType (property) of class Project_6___Group_4___CSCN73060_SEC_1.Services.FilterAttribute is not documented.
C:/Conestoga/Semester 2/CSCN73060 Project VI/Project 1/Project-6---Group-4---CSCN73060-SEC-1/Services/IPartService.cs:82: warning: Member DistinctValues (property) of class Project_6___Group_4___CSCN73060_SEC_1.Services.FilterAttribute is not documented.
C:/Conestoga/Semester 2/CSCN73060 Project VI/Project 1/Project-6---Group-4---CSCN73060-SEC-1/Services/IPartService.cs:83: warning: Member TotalDistinctCount (property) of class Project_6___Group_4___CSCN73060_SEC_1.Services.FilterAttribute is not documented.
C:/Conestoga/Semester 2/CSCN73060 Project VI/Project 1/Project-6---Group-4---CSCN73060-SEC-1/Project-6---Group-4---CSCN73060-SEC-1.Tests/AcceptanceTests.cs:16: warning: Member AcceptanceTests(CustomWebApplicationFactory factory) (function) of class Project_6___Group_4___CSCN73060_SEC_1.Tests.AcceptanceTests is not documented.
C:/Conestoga/Semester 2/CSCN73060 Project VI/Project 1/Project-6---Group-4---CSCN73060-SEC-1/Project-6---Group-4---CSCN73060-SEC-1.Tests/AcceptanceTests.cs:22: warning: Member User_Can_BrowseCpus_And_CreateBuild_WithSelectedCpu() (function) of class Project_6___Group_4___CSCN73060_SEC_1.Tests.AcceptanceTests is not documented.
C:/Conestoga/Semester 2/CSCN73060 Project VI/Project 1/Project-6---Group-4---CSCN73060-SEC-1/Project-6---Group-4---CSCN73060-SEC-1.Tests/AcceptanceTests.cs:55: warning: Member User_Can_SearchCpus_ByPriceAndManufacturer_ThenCreateBuild() (function) of class Project_6___Group_4___CSCN73060_SEC_1.Tests.AcceptanceTests is not documented.
C:/Conestoga/Semester 2/CSCN73060 Project VI/Project 1/Project-6---Group-4---CSCN73060-SEC-1/Project-6---Group-4---CSCN73060-SEC-1.Tests/AcceptanceTests.cs:98: warning: Member User_Can_CreateBuild_SaveWithName_AndRetrieveLater() (function) of class Project_6___Group_4___CSCN73060_SEC_1.Tests.AcceptanceTests is not documented.
C:/Conestoga/Semester 2/CSCN73060 Project VI/Project 1/Project-6---Group-4---CSCN73060-SEC-1/Project-6---Group-4---CSCN73060-SEC-1.Tests/AcceptanceTests.cs:118: warning: Member User_Can_UpdateExistingBuild_WhenSavingWithSameName() (function) of class Project_6___Group_4___CSCN73060_SEC_1.Tests.AcceptanceTests is not documented.
C:/Conestoga/Semester 2/CSCN73060 Project VI/Project 1/Project-6---Group-4---CSCN73060-SEC-1/Project-6---Group-4---CSCN73060-SEC-1.Tests/AcceptanceTests.cs:147: warning: Member User_Can_GetFilterOptions_UseThemToSearch_AndViewResults() (function) of class Project_6___Group_4___CSCN73060_SEC_1.Tests.AcceptanceTests is not documented.
C:/Conestoga/Semester 2/CSCN73060 Project VI/Project 1/Project-6---Group-4---CSCN73060-SEC-1/Project-6---Group-4---CSCN73060-SEC-1.Tests/ApiRoutesUnitTests.cs:13: warning: Member ApiRoutesUnitTests(CustomWebApplicationFactory factory) (function) of class Project_6___Group_4___CSCN73060_SEC_1.Tests.ApiRoutesUnitTests is not documented.
C:/Conestoga/Semester 2/CSCN73060 Project VI/Project 1/Project-6---Group-4---CSCN73060-SEC-1/Project-6---Group-4---CSCN73060-SEC-1.Tests/ApiRoutesUnitTests.cs:19: warning: Member Options_ReturnsRoutesList() (function) of class Project_6___Group_4___CSCN73060_SEC_1.Tests.ApiRoutesUnitTests is not documented.
C:/Conestoga/Semester 2/CSCN73060 Project VI/Project 1/Project-6---Group-4---CSCN73060-SEC-1/Project-6---Group-4---CSCN73060-SEC-1.Tests/ApiRoutesUnitTests.cs:31: warning: Member Parts_GetSupportedTypes_ReturnsPartTypes() (function) of class Project_6___Group_4___CSCN73060_SEC_1.Tests.ApiRoutesUnitTests is not documented.
C:/Conestoga/Semester 2/CSCN73060 Project VI/Project 1/Project-6---Group-4---CSCN73060-SEC-1/Project-6---Group-4---CSCN73060-SEC-1.Tests/ApiRoutesUnitTests.cs:44: warning: Member Parts_GetAllCpus_ReturnsCpus() (function) of class Project_6___Group_4___CSCN73060_SEC_1.Tests.ApiRoutesUnitTests is not documented.
C:/Conestoga/Semester 2/CSCN73060 Project VI/Project 1/Project-6---Group-4---CSCN73060-SEC-1/Project-6---Group-4---CSCN73060-SEC-1.Tests/ApiRoutesUnitTests.cs:56: warning: Member Parts_GetById_ReturnsCpu() (function) of class Project_6___Group_4___CSCN73060_SEC_1.Tests.ApiRoutesUnitTests is not documented.
C:/Conestoga/Semester 2/CSCN73060 Project VI/Project 1/Project-6---Group-4---CSCN73060-SEC-1/Project-6---Group-4---CSCN73060-SEC-1.Tests/ApiRoutesUnitTests.cs:67: warning: Member Parts_GetById_NotFound_Returns404() (function) of class Project_6___Group_4___CSCN73060_SEC_1.Tests.ApiRoutesUnitTests is not documented.
C:/Conestoga/Semester 2/CSCN73060 Project VI/Project 1/Project-6---Group-4---CSCN73060-SEC-1/Project-6---Group-4---CSCN73060-SEC-1.Tests/ApiRoutesUnitTests.cs:75: warning: Member Parts_GetFilters_ReturnsFilterOptions() (function) of class Project_6___Group_4___CSCN73060_SEC_1.Tests.ApiRoutesUnitTests is not documented.
C:/Conestoga/Semester 2/CSCN73060 Project VI/Project 1/Project-6---Group-4---CSCN73060-SEC-1/Project-6---Group-4---CSCN73060-SEC-1.Tests/ApiRoutesUnitTests.cs:86: warning: Member Parts_SearchCpus_ReturnsFilteredResults() (function) of class Project_6___Group_4___CSCN73060_SEC_1.Tests.ApiRoutesUnitTests is not documented.
C:/Conestoga/Semester 2/CSCN73060 Project VI/Project 1/Project-6---Group-4---CSCN73060-SEC-1/Project-6---Group-4---CSCN73060-SEC-1.Tests/ApiRoutesUnitTests.cs:114: warning: Member Parts_Create_ReturnsCreated() (function) of class Project_6___Group_4___CSCN73060_SEC_1.Tests.ApiRoutesUnitTests is not documented.
C:/Conestoga/Semester 2/CSCN73060 Project VI/Project 1/Project-6---Group-4---CSCN73060-SEC-1/Project-6---Group-4---CSCN73060-SEC-1.Tests/ApiRoutesUnitTests.cs:136: warning: Member Parts_Update_ReturnsOk() (function) of class Project_6___Group_4___CSCN73060_SEC_1.Tests.ApiRoutesUnitTests is not documented.
C:/Conestoga/Semester 2/CSCN73060 Project VI/Project 1/Project-6---Group-4---CSCN73060-SEC-1/Project-6---Group-4---CSCN73060-SEC-1.Tests/ApiRoutesUnitTests.cs:156: warning: Member Parts_Delete_ReturnsOk() (function) of class Project_6___Group_4___CSCN73060_SEC_1.Tests.ApiRoutesUnitTests is not documented.
C:/Conestoga/Semester 2/CSCN73060 Project VI/Project 1/Project-6---Group-4---CSCN73060-SEC-1/Project-6---Group-4---CSCN73060-SEC-1.Tests/ApiRoutesUnitTests.cs:180: warning: Member Builds_GetAll_ReturnsBuilds() (function) of class Project_6___Group_4___CSCN73060_SEC_1.Tests.ApiRoutesUnitTests is not documented.
C:/Conestoga/Semester 2/CSCN73060 Project VI/Project 1/Project-6---Group-4---CSCN73060-SEC-1/Project-6---Group-4---CSCN73060-SEC-1.Tests/ApiRoutesUnitTests.cs:190: warning: Member Builds_Create_ReturnsCreated() (function) of class Project_6___Group_4___CSCN73060_SEC_1.Tests.ApiRoutesUnitTests is not documented.
C:/Conestoga/Semester 2/CSCN73060 Project VI/Project 1/Project-6---Group-4---CSCN73060-SEC-1/Project-6---Group-4---CSCN73060-SEC-1.Tests/ApiRoutesUnitTests.cs:215: warning: Member Builds_GetById_ReturnsBuild() (function) of class Project_6___Group_4___CSCN73060_SEC_1.Tests.ApiRoutesUnitTests is not documented.
C:/Conestoga/Semester 2/CSCN73060 Project VI/Project 1/Project-6---Group-4---CSCN73060-SEC-1/Project-6---Group-4---CSCN73060-SEC-1.Tests/ApiRoutesUnitTests.cs:236: warning: Member Builds_GetById_NotFound_Returns404() (function) of class Project_6___Group_4___CSCN73060_SEC_1.Tests.ApiRoutesUnitTests is not documented.
C:/Conestoga/Semester 2/CSCN73060 Project VI/Project 1/Project-6---Group-4---CSCN73060-SEC-1/Project-6---Group-4---CSCN73060-SEC-1.Tests/ApiRoutesUnitTests.cs:244: warning: Member Builds_GetByName_ReturnsBuild() (function) of class Project_6___Group_4___CSCN73060_SEC_1.Tests.ApiRoutesUnitTests is not documented.
C:/Conestoga/Semester 2/CSCN73060 Project VI/Project 1/Project-6---Group-4---CSCN73060-SEC-1/Project-6---Group-4---CSCN73060-SEC-1.Tests/ApiRoutesUnitTests.cs:262: warning: Member Builds_GetByName_NotFound_Returns404() (function) of class Project_6___Group_4___CSCN73060_SEC_1.Tests.ApiRoutesUnitTests is not documented.
C:/Conestoga/Semester 2/CSCN73060 Project VI/Project 1/Project-6---Group-4---CSCN73060-SEC-1/Project-6---Group-4---CSCN73060-SEC-1.Tests/ApiRoutesUnitTests.cs:270: warning: Member Builds_Patch_ReturnsOk() (function) of class Project_6___Group_4___CSCN73060_SEC_1.Tests.ApiRoutesUnitTests is not documented.
C:/Conestoga/Semester 2/CSCN73060 Project VI/Project 1/Project-6---Group-4---CSCN73060-SEC-1/Project-6---Group-4---CSCN73060-SEC-1.Tests/CustomWebApplicationFactory.cs:14: warning: Member ConfigureWebHost(IWebHostBuilder builder) (function) of class Project_6___Group_4___CSCN73060_SEC_1.Tests.CustomWebApplicationFactory is not documented.
